  Main.cpp
D:\Users\ADMIN\Documents\gp-robot\GP Robot\Main.cpp(76,10): warning C4244: '=': conversion from 'double' to 'int', possible loss of data
D:\Users\ADMIN\Documents\gp-robot\GP Robot\Main.cpp(219,15): warning C4305: '+=': truncation from 'double' to 'float'
D:\Users\ADMIN\Documents\gp-robot\GP Robot\Main.cpp(222,15): warning C4305: '-=': truncation from 'double' to 'float'
D:\Users\ADMIN\Documents\gp-robot\GP Robot\Main.cpp(277,23): warning C4305: 'argument': truncation from 'double' to 'GLfloat'
D:\Users\ADMIN\Documents\gp-robot\GP Robot\Main.cpp(293,25): warning C4305: 'argument': truncation from 'double' to 'GLfloat'
D:\Users\ADMIN\Documents\gp-robot\GP Robot\Main.cpp(302,23): warning C4305: 'argument': truncation from 'double' to 'GLfloat'
D:\Users\ADMIN\Documents\gp-robot\GP Robot\Main.cpp(311,23): warning C4305: 'argument': truncation from 'double' to 'GLfloat'
D:\Users\ADMIN\Documents\gp-robot\GP Robot\Main.cpp(320,25): warning C4305: 'argument': truncation from 'double' to 'GLfloat'
D:\Users\ADMIN\Documents\gp-robot\GP Robot\Main.cpp(329,21): warning C4305: 'argument': truncation from 'double' to 'GLfloat'
D:\Users\ADMIN\Documents\gp-robot\GP Robot\Main.cpp(338,25): warning C4305: 'argument': truncation from 'double' to 'GLfloat'
D:\Users\ADMIN\Documents\gp-robot\GP Robot\Main.cpp(606,20): warning C4305: 'argument': truncation from 'double' to 'GLfloat'
D:\Users\ADMIN\Documents\gp-robot\GP Robot\Main.cpp(627,25): warning C4305: 'argument': truncation from 'double' to 'GLfloat'
D:\Users\ADMIN\Documents\gp-robot\GP Robot\Main.cpp(629,26): warning C4305: 'argument': truncation from 'double' to 'GLfloat'
D:\Users\ADMIN\Documents\gp-robot\GP Robot\Main.cpp(638,28): warning C4305: 'argument': truncation from 'double' to 'float'
D:\Users\ADMIN\Documents\gp-robot\GP Robot\Main.cpp(654,27): warning C4244: 'argument': conversion from 'double' to 'GLfloat', possible loss of data
D:\Users\ADMIN\Documents\gp-robot\GP Robot\Main.cpp(662,23): warning C4244: 'argument': conversion from 'double' to 'float', possible loss of data
D:\Users\ADMIN\Documents\gp-robot\GP Robot\Main.cpp(669,21): warning C4244: 'argument': conversion from 'double' to 'GLfloat', possible loss of data
D:\Users\ADMIN\Documents\gp-robot\GP Robot\Main.cpp(677,23): warning C4244: 'argument': conversion from 'double' to 'float', possible loss of data
D:\Users\ADMIN\Documents\gp-robot\GP Robot\Main.cpp(685,52): warning C4244: 'argument': conversion from 'double' to 'GLfloat', possible loss of data
D:\Users\ADMIN\Documents\gp-robot\GP Robot\Main.cpp(685,39): warning C4244: 'argument': conversion from 'double' to 'GLfloat', possible loss of data
D:\Users\ADMIN\Documents\gp-robot\GP Robot\Main.cpp(685,27): warning C4244: 'argument': conversion from 'double' to 'GLfloat', possible loss of data
D:\Users\ADMIN\Documents\gp-robot\GP Robot\Main.cpp(687,59): warning C4244: 'argument': conversion from 'double' to 'GLfloat', possible loss of data
D:\Users\ADMIN\Documents\gp-robot\GP Robot\Main.cpp(687,40): warning C4244: 'argument': conversion from 'double' to 'GLfloat', possible loss of data
D:\Users\ADMIN\Documents\gp-robot\GP Robot\Main.cpp(687,28): warning C4244: 'argument': conversion from 'double' to 'GLfloat', possible loss of data
D:\Users\ADMIN\Documents\gp-robot\GP Robot\Main.cpp(689,60): warning C4244: 'argument': conversion from 'double' to 'GLfloat', possible loss of data
D:\Users\ADMIN\Documents\gp-robot\GP Robot\Main.cpp(689,38): warning C4244: 'argument': conversion from 'double' to 'GLfloat', possible loss of data
D:\Users\ADMIN\Documents\gp-robot\GP Robot\Main.cpp(689,16): warning C4244: 'argument': conversion from 'double' to 'GLfloat', possible loss of data
D:\Users\ADMIN\Documents\gp-robot\GP Robot\Main.cpp(693,27): warning C4244: 'argument': conversion from 'double' to 'float', possible loss of data
D:\Users\ADMIN\Documents\gp-robot\GP Robot\Main.cpp(704,14): warning C4244: 'argument': conversion from 'int' to 'GLfloat', possible loss of data
D:\Users\ADMIN\Documents\gp-robot\GP Robot\Main.cpp(762,30): warning C4244: 'argument': conversion from 'double' to 'GLfloat', possible loss of data
D:\Users\ADMIN\Documents\gp-robot\GP Robot\Main.cpp(769,23): warning C4244: 'argument': conversion from 'double' to 'float', possible loss of data
D:\Users\ADMIN\Documents\gp-robot\GP Robot\Main.cpp(779,52): warning C4305: 'argument': truncation from 'double' to 'GLfloat'
D:\Users\ADMIN\Documents\gp-robot\GP Robot\Main.cpp(779,42): warning C4244: 'argument': conversion from 'double' to 'GLfloat', possible loss of data
D:\Users\ADMIN\Documents\gp-robot\GP Robot\Main.cpp(779,30): warning C4244: 'argument': conversion from 'double' to 'GLfloat', possible loss of data
D:\Users\ADMIN\Documents\gp-robot\GP Robot\Main.cpp(786,27): warning C4244: 'argument': conversion from 'double' to 'float', possible loss of data
D:\Users\ADMIN\Documents\gp-robot\GP Robot\Main.cpp(792,13): warning C4305: '=': truncation from 'double' to 'float'
D:\Users\ADMIN\Documents\gp-robot\GP Robot\Main.cpp(807,25): warning C4305: 'argument': truncation from 'double' to 'GLfloat'
D:\Users\ADMIN\Documents\gp-robot\GP Robot\Main.cpp(815,24): warning C4305: 'argument': truncation from 'double' to 'GLfloat'
D:\Users\ADMIN\Documents\gp-robot\GP Robot\Main.cpp(825,142): warning C4244: 'argument': conversion from 'double' to 'GLfloat', possible loss of data
D:\Users\ADMIN\Documents\gp-robot\GP Robot\Main.cpp(825,87): warning C4244: 'argument': conversion from 'double' to 'GLfloat', possible loss of data
D:\Users\ADMIN\Documents\gp-robot\GP Robot\Main.cpp(825,147): warning C4305: 'argument': truncation from 'double' to 'GLfloat'
D:\Users\ADMIN\Documents\gp-robot\GP Robot\Main.cpp(828,40): warning C4244: 'argument': conversion from 'double' to 'GLfloat', possible loss of data
D:\Users\ADMIN\Documents\gp-robot\GP Robot\Main.cpp(833,36): warning C4244: 'argument': conversion from 'double' to 'GLfloat', possible loss of data
D:\Users\ADMIN\Documents\gp-robot\GP Robot\Main.cpp(834,52): warning C4244: 'argument': conversion from 'double' to 'GLfloat', possible loss of data
D:\Users\ADMIN\Documents\gp-robot\GP Robot\Main.cpp(834,36): warning C4244: 'argument': conversion from 'double' to 'GLfloat', possible loss of data
D:\Users\ADMIN\Documents\gp-robot\GP Robot\Main.cpp(834,20): warning C4244: 'argument': conversion from 'double' to 'GLfloat', possible loss of data
D:\Users\ADMIN\Documents\gp-robot\GP Robot\Main.cpp(840,44): warning C4244: 'argument': conversion from 'double' to 'GLfloat', possible loss of data
D:\Users\ADMIN\Documents\gp-robot\GP Robot\Main.cpp(840,26): warning C4244: 'argument': conversion from 'double' to 'GLfloat', possible loss of data
D:\Users\ADMIN\Documents\gp-robot\GP Robot\Main.cpp(841,30): warning C4244: 'argument': conversion from 'double' to 'GLfloat', possible loss of data
D:\Users\ADMIN\Documents\gp-robot\GP Robot\Main.cpp(847,43): warning C4244: 'argument': conversion from 'double' to 'GLfloat', possible loss of data
D:\Users\ADMIN\Documents\gp-robot\GP Robot\Main.cpp(847,26): warning C4244: 'argument': conversion from 'double' to 'GLfloat', possible loss of data
D:\Users\ADMIN\Documents\gp-robot\GP Robot\Main.cpp(849,44): warning C4244: 'argument': conversion from 'float' to 'int', possible loss of data
D:\Users\ADMIN\Documents\gp-robot\GP Robot\Main.cpp(849,36): warning C4244: 'argument': conversion from 'float' to 'int', possible loss of data
D:\Users\ADMIN\Documents\gp-robot\GP Robot\Main.cpp(849,29): warning C4244: 'argument': conversion from 'double' to 'float', possible loss of data
D:\Users\ADMIN\Documents\gp-robot\GP Robot\Main.cpp(855,29): warning C4305: 'initializing': truncation from 'double' to 'float'
D:\Users\ADMIN\Documents\gp-robot\GP Robot\Main.cpp(855,46): warning C4244: 'initializing': conversion from 'double' to 'float', possible loss of data
D:\Users\ADMIN\Documents\gp-robot\GP Robot\Main.cpp(855,85): warning C4305: 'initializing': truncation from 'double' to 'float'
D:\Users\ADMIN\Documents\gp-robot\GP Robot\Main.cpp(856,55): warning C4244: 'initializing': conversion from 'double' to 'float', possible loss of data
D:\Users\ADMIN\Documents\gp-robot\GP Robot\Main.cpp(858,17): warning C4244: 'initializing': conversion from 'double' to 'float', possible loss of data
D:\Users\ADMIN\Documents\gp-robot\GP Robot\Main.cpp(866,72): warning C4244: 'argument': conversion from 'float' to 'int', possible loss of data
D:\Users\ADMIN\Documents\gp-robot\GP Robot\Main.cpp(866,64): warning C4244: 'argument': conversion from 'float' to 'int', possible loss of data
D:\Users\ADMIN\Documents\gp-robot\GP Robot\Main.cpp(871,38): warning C4244: 'argument': conversion from 'float' to 'int', possible loss of data
D:\Users\ADMIN\Documents\gp-robot\GP Robot\Main.cpp(871,30): warning C4244: 'argument': conversion from 'float' to 'int', possible loss of data
D:\Users\ADMIN\Documents\gp-robot\GP Robot\Main.cpp(874,16): warning C4305: '-=': truncation from 'double' to 'float'
D:\Users\ADMIN\Documents\gp-robot\GP Robot\Main.cpp(883,70): warning C4244: 'argument': conversion from 'float' to 'int', possible loss of data
D:\Users\ADMIN\Documents\gp-robot\GP Robot\Main.cpp(883,62): warning C4244: 'argument': conversion from 'float' to 'int', possible loss of data
D:\Users\ADMIN\Documents\gp-robot\GP Robot\Main.cpp(892,27): warning C4305: 'initializing': truncation from 'double' to 'float'
D:\Users\ADMIN\Documents\gp-robot\GP Robot\Main.cpp(892,41): warning C4244: 'initializing': conversion from 'double' to 'float', possible loss of data
D:\Users\ADMIN\Documents\gp-robot\GP Robot\Main.cpp(892,78): warning C4305: 'initializing': truncation from 'double' to 'float'
D:\Users\ADMIN\Documents\gp-robot\GP Robot\Main.cpp(893,48): warning C4244: 'initializing': conversion from 'double' to 'float', possible loss of data
D:\Users\ADMIN\Documents\gp-robot\GP Robot\Main.cpp(895,17): warning C4244: 'initializing': conversion from 'double' to 'float', possible loss of data
D:\Users\ADMIN\Documents\gp-robot\GP Robot\Main.cpp(906,66): warning C4244: 'argument': conversion from 'float' to 'int', possible loss of data
D:\Users\ADMIN\Documents\gp-robot\GP Robot\Main.cpp(906,58): warning C4244: 'argument': conversion from 'float' to 'int', possible loss of data
D:\Users\ADMIN\Documents\gp-robot\GP Robot\Main.cpp(915,38): warning C4244: 'argument': conversion from 'float' to 'int', possible loss of data
D:\Users\ADMIN\Documents\gp-robot\GP Robot\Main.cpp(915,30): warning C4244: 'argument': conversion from 'float' to 'int', possible loss of data
D:\Users\ADMIN\Documents\gp-robot\GP Robot\Main.cpp(918,16): warning C4305: '-=': truncation from 'double' to 'float'
D:\Users\ADMIN\Documents\gp-robot\GP Robot\Main.cpp(932,66): warning C4244: 'argument': conversion from 'float' to 'int', possible loss of data
D:\Users\ADMIN\Documents\gp-robot\GP Robot\Main.cpp(932,58): warning C4244: 'argument': conversion from 'float' to 'int', possible loss of data
D:\Users\ADMIN\Documents\gp-robot\GP Robot\Main.cpp(939,31): warning C4244: 'argument': conversion from 'double' to 'GLfloat', possible loss of data
D:\Users\ADMIN\Documents\gp-robot\GP Robot\Main.cpp(995,15): warning C4305: '+=': truncation from 'double' to 'float'
D:\Users\ADMIN\Documents\gp-robot\GP Robot\Main.cpp(998,11): warning C4244: '=': conversion from 'int' to 'float', possible loss of data
D:\Users\ADMIN\Documents\gp-robot\GP Robot\Main.cpp(1002,15): warning C4305: '+=': truncation from 'double' to 'float'
D:\Users\ADMIN\Documents\gp-robot\GP Robot\Main.cpp(1005,11): warning C4244: '=': conversion from 'int' to 'float', possible loss of data
D:\Users\ADMIN\Documents\gp-robot\GP Robot\Main.cpp(1009,15): warning C4305: '+=': truncation from 'double' to 'float'
D:\Users\ADMIN\Documents\gp-robot\GP Robot\Main.cpp(1011,15): warning C4305: '+=': truncation from 'double' to 'float'
D:\Users\ADMIN\Documents\gp-robot\GP Robot\Main.cpp(1015,11): warning C4244: '=': conversion from 'int' to 'float', possible loss of data
D:\Users\ADMIN\Documents\gp-robot\GP Robot\Main.cpp(1019,15): warning C4305: '+=': truncation from 'double' to 'float'
D:\Users\ADMIN\Documents\gp-robot\GP Robot\Main.cpp(1021,16): warning C4305: '+=': truncation from 'double' to 'float'
D:\Users\ADMIN\Documents\gp-robot\GP Robot\Main.cpp(1025,11): warning C4244: '=': conversion from 'int' to 'float', possible loss of data
D:\Users\ADMIN\Documents\gp-robot\GP Robot\Main.cpp(1032,15): warning C4305: '-=': truncation from 'double' to 'float'
D:\Users\ADMIN\Documents\gp-robot\GP Robot\Main.cpp(1039,15): warning C4305: '-=': truncation from 'double' to 'float'
D:\Users\ADMIN\Documents\gp-robot\GP Robot\Main.cpp(1046,15): warning C4305: '-=': truncation from 'double' to 'float'
D:\Users\ADMIN\Documents\gp-robot\GP Robot\Main.cpp(1048,15): warning C4305: '-=': truncation from 'double' to 'float'
D:\Users\ADMIN\Documents\gp-robot\GP Robot\Main.cpp(1056,15): warning C4305: '-=': truncation from 'double' to 'float'
D:\Users\ADMIN\Documents\gp-robot\GP Robot\Main.cpp(1058,16): warning C4305: '-=': truncation from 'double' to 'float'
D:\Users\ADMIN\Documents\gp-robot\GP Robot\Main.cpp(1101,26): warning C4305: 'argument': truncation from 'double' to 'GLfloat'
D:\Users\ADMIN\Documents\gp-robot\GP Robot\Main.cpp(1103,27): warning C4305: 'argument': truncation from 'double' to 'GLfloat'
D:\Users\ADMIN\Documents\gp-robot\GP Robot\Main.cpp(1127,16): warning C4805: '==': unsafe mix of type 'boolean' and type 'bool' in operation
D:\Users\ADMIN\Documents\gp-robot\GP Robot\Main.cpp(1130,23): warning C4805: '==': unsafe mix of type 'boolean' and type 'bool' in operation
D:\Users\ADMIN\Documents\gp-robot\GP Robot\Main.cpp(1173,13): warning C4305: '=': truncation from 'double' to 'float'
D:\Users\ADMIN\Documents\gp-robot\GP Robot\Main.cpp(1174,13): warning C4305: '=': truncation from 'double' to 'float'
D:\Users\ADMIN\Documents\gp-robot\GP Robot\Main.cpp(1174,25): warning C4305: '=': truncation from 'double' to 'float'
D:\Users\ADMIN\Documents\gp-robot\GP Robot\Main.cpp(1180,14): warning C4305: '=': truncation from 'double' to 'float'
D:\Users\ADMIN\Documents\gp-robot\GP Robot\Main.cpp(1181,14): warning C4305: '=': truncation from 'double' to 'float'
D:\Users\ADMIN\Documents\gp-robot\GP Robot\Main.cpp(1181,26): warning C4305: '=': truncation from 'double' to 'float'
D:\Users\ADMIN\Documents\gp-robot\GP Robot\Main.cpp(1203,1): warning C4244: 'argument': conversion from 'double' to 'int', possible loss of data
  GP Robot.vcxproj -> D:\Users\ADMIN\Documents\gp-robot\x64\Debug\GP Robot.exe
